[2024-02-10T11:19:56.561Z] request to https://api.telegram.org/bot6883551736:[REDACTED]/sendMediaGroup failed, reason: write EPIPE
[2024-02-10T11:48:00.643Z] ENOENT: no such file or directory, realpath '/root/bot_checklist/local_files/Базовые_правила_инвестиций_в_криптовалюты.pdf'
[2024-02-12T07:44:05.808Z] 429: Too Many Requests: retry after 60
[2024-02-12T07:44:07.799Z] 429: Too Many Requests: retry after 12
[2024-02-12T07:44:07.802Z] 429: Too Many Requests: retry after 12
[2024-02-12T07:44:07.804Z] 429: Too Many Requests: retry after 12
[2024-02-12T07:44:07.807Z] 429: Too Many Requests: retry after 12
[2024-02-12T07:44:07.809Z] 429: Too Many Requests: retry after 12
[2024-02-12T07:44:07.811Z] 429: Too Many Requests: retry after 12
[2024-02-12T07:44:07.813Z] 429: Too Many Requests: retry after 12
[2024-02-12T07:44:07.818Z] 429: Too Many Requests: retry after 12
[2024-02-12T07:44:07.820Z] 429: Too Many Requests: retry after 12
[2024-02-12T07:44:07.822Z] 429: Too Many Requests: retry after 12
[2024-02-12T07:44:07.823Z] 429: Too Many Requests: retry after 12
[2024-02-12T07:44:07.825Z] 429: Too Many Requests: retry after 12
[2024-02-12T07:44:07.827Z] 429: Too Many Requests: retry after 12
[2024-02-12T07:44:07.828Z] 429: Too Many Requests: retry after 12
[2024-02-12T07:44:07.830Z] 429: Too Many Requests: retry after 12
[2024-02-12T07:44:07.832Z] 429: Too Many Requests: retry after 12
[2024-02-12T07:44:07.834Z] 429: Too Many Requests: retry after 12
[2024-02-12T07:44:07.835Z] 429: Too Many Requests: retry after 12
[2024-02-12T07:44:07.836Z] 429: Too Many Requests: retry after 12
[2024-02-12T07:44:07.848Z] 429: Too Many Requests: retry after 12
[2024-02-12T07:44:07.849Z] 429: Too Many Requests: retry after 12
[2024-02-12T07:44:07.851Z] 429: Too Many Requests: retry after 12
[2024-02-12T07:44:07.854Z] 429: Too Many Requests: retry after 12
[2024-02-12T07:44:07.856Z] 429: Too Many Requests: retry after 12
[2024-02-12T07:44:07.857Z] 429: Too Many Requests: retry after 12
[2024-02-12T07:44:07.859Z] 429: Too Many Requests: retry after 12
[2024-02-12T07:44:07.860Z] 429: Too Many Requests: retry after 12
[2024-02-12T07:44:07.861Z] 429: Too Many Requests: retry after 12
[2024-02-12T07:50:46.515Z] 400: Bad Request: failed to send message #1 with the error message "USER_IS_BLOCKED"
[2024-02-12T08:52:01.874Z] 400: Bad Request: failed to send message #1 with the error message "USER_IS_BLOCKED"
[2024-02-12T08:52:01.875Z] 400: Bad Request: failed to send message #1 with the error message "USER_IS_BLOCKED"
[2024-02-12T08:52:01.875Z] 400: Bad Request: failed to send message #1 with the error message "USER_IS_BLOCKED"
[2024-02-12T08:52:01.875Z] 400: Bad Request: failed to send message #1 with the error message "USER_IS_BLOCKED"
[2024-02-12T08:52:01.876Z] 400: Bad Request: failed to send message #1 with the error message "USER_IS_BLOCKED"
[2024-02-12T08:53:29.808Z] 400: Bad Request: failed to send message #1 with the error message "USER_IS_BLOCKED"
[2024-02-12T08:53:29.808Z] 400: Bad Request: failed to send message #1 with the error message "USER_IS_BLOCKED"
[2024-02-12T08:53:29.809Z] 400: Bad Request: failed to send message #1 with the error message "USER_IS_BLOCKED"
[2024-02-12T08:53:29.809Z] 400: Bad Request: failed to send message #1 with the error message "USER_IS_BLOCKED"
[2024-02-12T10:46:17.717Z] 400: Bad Request: failed to send message #1 with the error message "USER_IS_BLOCKED"
[2024-02-12T10:46:17.719Z] 400: Bad Request: failed to send message #1 with the error message "USER_IS_BLOCKED"
[2024-02-12T10:46:17.720Z] 400: Bad Request: failed to send message #1 with the error message "USER_IS_BLOCKED"
[2024-02-12T10:46:17.720Z] 400: Bad Request: failed to send message #1 with the error message "USER_IS_BLOCKED"
[2024-02-12T10:50:20.779Z] 400: Bad Request: failed to send message #1 with the error message "USER_IS_BLOCKED"
[2024-02-12T10:50:20.780Z] 400: Bad Request: failed to send message #1 with the error message "USER_IS_BLOCKED"
[2024-02-12T10:50:22.860Z] 403: Forbidden: bot was blocked by the user
[2024-02-12T10:53:24.958Z] 403: Forbidden: bot was blocked by the user
